<?xml version="1.0" encoding="UTF-8"?>
<!-- Generated by org.testng.reporters.JUnitXMLReporter -->
<testsuite hostname="Ajay" name="Create New PO" tests="2" failures="1" timestamp="18 Feb 2021 02:27:31 GMT" time="17.155" errors="0">
  <testcase name="createCropTest" time="0.014" classname="com.itradefreight.testcases.LoginTest">
    <failure type="java.lang.NullPointerException">
      <![CDATA[java.lang.NullPointerException
	at com.itradefreight.testcases.LoginTest.createCropTest(LoginTest.java:35)
... Removed 24 stack frames]]>
    </failure>
  </testcase> <!-- createCropTest -->
  <testcase name="loginTest" time="4.136" classname="com.itradefreight.testcases.LoginTest"/>
</testsuite> <!-- Create New PO -->
