<?xml version="1.0" encoding="UTF-8"?>
<testng-results skipped="1" failed="1" ignored="0" total="2" passed="0">
  <reporter-output>
  </reporter-output>
  <suite name="Automation Test Suite" duration-ms="111111" started-at="2021-05-22T13:49:55Z" finished-at="2021-05-22T13:51:46Z">
    <groups>
    </groups>
    <test name="Login on chrome" duration-ms="111111" started-at="2021-05-22T13:49:55Z" finished-at="2021-05-22T13:51:46Z">
      <class name="com.itrace.testcases.CropTest">
        <test-method status="PASS" signature="getPropertiesFile()[pri:0, instance:com.itrace.testcases.CropTest@3043fe0e]" name="getPropertiesFile" is-config="true" duration-ms="21" started-at="2021-05-22T13:49:55Z" finished-at="2021-05-22T13:49:55Z">
          <reporter-output>
          </reporter-output>
        </test-method> <!-- getPropertiesFile -->
        <test-method status="PASS" signature="setupBrowser(java.lang.String)[pri:0, instance:com.itrace.testcases.CropTest@3043fe0e]" name="setupBrowser" is-config="true" duration-ms="1598" started-at="2021-05-22T13:49:55Z" finished-at="2021-05-22T13:49:57Z">
          <params>
            <param index="0">
              <value>
                <![CDATA[chrome]]>
              </value>
            </param>
          </params>
          <reporter-output>
          </reporter-output>
        </test-method> <!-- setupBrowser -->
        <test-method status="SKIP" signature="addCrop()[pri:0, instance:com.itrace.testcases.CropTest@3043fe0e]" name="addCrop" duration-ms="54609" started-at="2021-05-22T13:49:57Z" finished-at="2021-05-22T13:50:51Z">
          <exception class="java.lang.AssertionError">
            <message>
              <![CDATA[null]]>
            </message>
            <full-stacktrace>
              <![CDATA[java.lang.AssertionError: null
at org.testng.Assert.fail(Assert.java:96)
at org.testng.Assert.fail(Assert.java:103)
at com.itrace.testcases.CropTest.addCrop(CropTest.java:37)
at sun.reflect.NativeMethodAccessorImpl.invoke0(Native Method)
at sun.reflect.NativeMethodAccessorImpl.invoke(NativeMethodAccessorImpl.java:62)
at sun.reflect.DelegatingMethodAccessorImpl.invoke(DelegatingMethodAccessorImpl.java:43)
at java.lang.reflect.Method.invoke(Method.java:498)
at org.testng.internal.MethodInvocationHelper.invokeMethod(MethodInvocationHelper.java:124)
at org.testng.internal.Invoker.invokeMethod(Invoker.java:583)
at org.testng.internal.Invoker.invokeTestMethod(Invoker.java:719)
at org.testng.internal.Invoker.invokeTestMethods(Invoker.java:989)
at org.testng.internal.TestMethodWorker.invokeTestMethods(TestMethodWorker.java:125)
at org.testng.internal.TestMethodWorker.run(TestMethodWorker.java:109)
at org.testng.TestRunner.privateRun(TestRunner.java:648)
at org.testng.TestRunner.run(TestRunner.java:505)
at org.testng.SuiteRunner.runTest(SuiteRunner.java:455)
at org.testng.SuiteRunner.runSequentially(SuiteRunner.java:450)
at org.testng.SuiteRunner.privateRun(SuiteRunner.java:415)
at org.testng.SuiteRunner.run(SuiteRunner.java:364)
at org.testng.SuiteRunnerWorker.runSuite(SuiteRunnerWorker.java:52)
at org.testng.SuiteRunnerWorker.run(SuiteRunnerWorker.java:84)
at org.testng.TestNG.runSuitesSequentially(TestNG.java:1208)
at org.testng.TestNG.runSuitesLocally(TestNG.java:1137)
at org.testng.TestNG.runSuites(TestNG.java:1049)
at org.testng.TestNG.run(TestNG.java:1017)
at org.testng.remote.AbstractRemoteTestNG.run(AbstractRemoteTestNG.java:114)
at org.testng.remote.RemoteTestNG.initAndRun(RemoteTestNG.java:251)
at org.testng.remote.RemoteTestNG.main(RemoteTestNG.java:77)
]]>
            </full-stacktrace>
          </exception> <!-- java.lang.AssertionError -->
          <reporter-output>
          </reporter-output>
        </test-method> <!-- addCrop -->
        <test-method status="PASS" signature="closeBrowser()[pri:0, instance:com.itrace.testcases.CropTest@3043fe0e]" name="closeBrowser" is-config="true" duration-ms="116" started-at="2021-05-22T13:50:51Z" finished-at="2021-05-22T13:50:51Z">
          <reporter-output>
          </reporter-output>
        </test-method> <!-- closeBrowser -->
        <test-method status="PASS" signature="setupBrowser(java.lang.String)[pri:0, instance:com.itrace.testcases.CropTest@3043fe0e]" name="setupBrowser" is-config="true" duration-ms="873" started-at="2021-05-22T13:50:51Z" finished-at="2021-05-22T13:50:52Z">
          <params>
            <param index="0">
              <value>
                <![CDATA[chrome]]>
              </value>
            </param>
          </params>
          <reporter-output>
          </reporter-output>
        </test-method> <!-- setupBrowser -->
        <test-method status="FAIL" signature="addCrop()[pri:0, instance:com.itrace.testcases.CropTest@3043fe0e]" name="addCrop" duration-ms="53742" started-at="2021-05-22T13:50:52Z" finished-at="2021-05-22T13:51:46Z">
          <exception class="java.lang.AssertionError">
            <message>
              <![CDATA[null]]>
            </message>
            <full-stacktrace>
              <![CDATA[java.lang.AssertionError: null
at org.testng.Assert.fail(Assert.java:96)
at org.testng.Assert.fail(Assert.java:103)
at com.itrace.testcases.CropTest.addCrop(CropTest.java:37)
at sun.reflect.NativeMethodAccessorImpl.invoke0(Native Method)
at sun.reflect.NativeMethodAccessorImpl.invoke(NativeMethodAccessorImpl.java:62)
at sun.reflect.DelegatingMethodAccessorImpl.invoke(DelegatingMethodAccessorImpl.java:43)
at java.lang.reflect.Method.invoke(Method.java:498)
at org.testng.internal.MethodInvocationHelper.invokeMethod(MethodInvocationHelper.java:124)
at org.testng.internal.Invoker.invokeMethod(Invoker.java:583)
at org.testng.internal.Invoker.retryFailed(Invoker.java:839)
at org.testng.internal.Invoker.invokeTestMethods(Invoker.java:1010)
at org.testng.internal.TestMethodWorker.invokeTestMethods(TestMethodWorker.java:125)
at org.testng.internal.TestMethodWorker.run(TestMethodWorker.java:109)
at org.testng.TestRunner.privateRun(TestRunner.java:648)
at org.testng.TestRunner.run(TestRunner.java:505)
at org.testng.SuiteRunner.runTest(SuiteRunner.java:455)
at org.testng.SuiteRunner.runSequentially(SuiteRunner.java:450)
at org.testng.SuiteRunner.privateRun(SuiteRunner.java:415)
at org.testng.SuiteRunner.run(SuiteRunner.java:364)
at org.testng.SuiteRunnerWorker.runSuite(SuiteRunnerWorker.java:52)
at org.testng.SuiteRunnerWorker.run(SuiteRunnerWorker.java:84)
at org.testng.TestNG.runSuitesSequentially(TestNG.java:1208)
at org.testng.TestNG.runSuitesLocally(TestNG.java:1137)
at org.testng.TestNG.runSuites(TestNG.java:1049)
at org.testng.TestNG.run(TestNG.java:1017)
at org.testng.remote.AbstractRemoteTestNG.run(AbstractRemoteTestNG.java:114)
at org.testng.remote.RemoteTestNG.initAndRun(RemoteTestNG.java:251)
at org.testng.remote.RemoteTestNG.main(RemoteTestNG.java:77)
]]>
            </full-stacktrace>
          </exception> <!-- java.lang.AssertionError -->
          <reporter-output>
          </reporter-output>
        </test-method> <!-- addCrop -->
        <test-method status="PASS" signature="closeBrowser()[pri:0, instance:com.itrace.testcases.CropTest@3043fe0e]" name="closeBrowser" is-config="true" duration-ms="133" started-at="2021-05-22T13:51:46Z" finished-at="2021-05-22T13:51:46Z">
          <reporter-output>
          </reporter-output>
        </test-method> <!-- closeBrowser -->
        <test-method status="PASS" signature="closeDriver()[pri:0, instance:com.itrace.testcases.CropTest@3043fe0e]" name="closeDriver" is-config="true" duration-ms="25" started-at="2021-05-22T13:51:46Z" finished-at="2021-05-22T13:51:46Z">
          <reporter-output>
          </reporter-output>
        </test-method> <!-- closeDriver -->
      </class> <!-- com.itrace.testcases.CropTest -->
    </test> <!-- Login on chrome -->
  </suite> <!-- Automation Test Suite -->
</testng-results>
