<?xml version="1.0" encoding="UTF-8"?>
<!-- Generated by org.testng.reporters.JUnitXMLReporter -->
<testsuite hostname="hiteshy" ignored="0" name="Login on chrome" tests="2" failures="1" timestamp="22 May 2021 13:51:46 GMT" time="111.111" errors="0">
  <testcase name="addCrop" time="54.609" classname="com.itrace.testcases.CropTest">
    <skipped/>
  </testcase> <!-- addCrop -->
  <testcase name="addCrop" time="53.742" classname="com.itrace.testcases.CropTest">
    <failure type="java.lang.AssertionError" message="null">
      <![CDATA[java.lang.AssertionError: null
at com.itrace.testcases.CropTest.addCrop(CropTest.java:37)
... Removed 27 stack frames]]>
    </failure>
  </testcase> <!-- addCrop -->
</testsuite> <!-- Login on chrome -->
